[INFO] Scanning for projects...
[INFO] 
[INFO] -----------------------< com.realestate:backend >-----------------------
[INFO] Building backend 0.0.1-SNAPSHOT
[INFO]   from pom.xml
[INFO] --------------------------------[ jar ]---------------------------------
[INFO] 
[INFO] --- clean:3.3.2:clean (default-clean) @ backend ---
[INFO] Deleting C:\Users\palas\Downloads\Hcl-realestate\backend\target
[INFO] 
[INFO] --- resources:3.3.1:resources (default-resources) @ backend ---
[INFO] Copying 1 resource from src\main\resources to target\classes
[INFO] Copying 0 resource from src\main\resources to target\classes
[INFO] 
[INFO] --- compiler:3.11.0:compile (default-compile) @ backend ---
[INFO] Changes detected - recompiling the module! :source
[INFO] Compiling 27 source files with javac [debug release 17] to target\classes
[INFO] -------------------------------------------------------------
[ERROR] COMPILATION ERROR : 
[INFO] -------------------------------------------------------------
[ERROR] /C:/Users/palas/Downloads/Hcl-realestate/backend/src/main/java/com/realestate/controller/InquiryController.java:[37,16] cannot find symbol
  symbol:   method setProperty(com.realestate.model.Property)
  location: variable inquiry of type com.realestate.model.Inquiry
[ERROR] /C:/Users/palas/Downloads/Hcl-realestate/backend/src/main/java/com/realestate/controller/InquiryController.java:[38,42] cannot find symbol
  symbol:   method getMessage()
  location: variable inquiryRequest of type com.realestate.dto.request.InquiryRequest
[ERROR] /C:/Users/palas/Downloads/Hcl-realestate/backend/src/main/java/com/realestate/controller/InquiryController.java:[39,47] cannot find symbol
  symbol:   method getContactEmail()
  location: variable inquiryRequest of type com.realestate.dto.request.InquiryRequest
[ERROR] /C:/Users/palas/Downloads/Hcl-realestate/backend/src/main/java/com/realestate/controller/InquiryController.java:[40,47] cannot find symbol
  symbol:   method getContactPhone()
  location: variable inquiryRequest of type com.realestate.dto.request.InquiryRequest
[ERROR] /C:/Users/palas/Downloads/Hcl-realestate/backend/src/main/java/com/realestate/controller/InquiryController.java:[43,34] constructor MessageResponse in class com.realestate.dto.response.MessageResponse cannot be applied to given types;
  required: no arguments
  found:    java.lang.String
  reason: actual and formal argument lists differ in length
[ERROR] /C:/Users/palas/Downloads/Hcl-realestate/backend/src/main/java/com/realestate/controller/AuthController.java:[43,69] cannot find symbol
  symbol:   method getUsername()
  location: variable loginRequest of type com.realestate.dto.request.LoginRequest
[ERROR] /C:/Users/palas/Downloads/Hcl-realestate/backend/src/main/java/com/realestate/controller/AuthController.java:[43,97] cannot find symbol
  symbol:   method getPassword()
  location: variable loginRequest of type com.realestate.dto.request.LoginRequest
[ERROR] /C:/Users/palas/Downloads/Hcl-realestate/backend/src/main/java/com/realestate/controller/AuthController.java:[62,58] cannot find symbol
  symbol:   method getUsername()
  location: variable signUpRequest of type com.realestate.dto.request.SignupRequest
[ERROR] /C:/Users/palas/Downloads/Hcl-realestate/backend/src/main/java/com/realestate/controller/AuthController.java:[63,53] constructor MessageResponse in class com.realestate.dto.response.MessageResponse cannot be applied to given types;
  required: no arguments
  found:    java.lang.String
  reason: actual and formal argument lists differ in length
[ERROR] /C:/Users/palas/Downloads/Hcl-realestate/backend/src/main/java/com/realestate/controller/AuthController.java:[66,55] cannot find symbol
  symbol:   method getEmail()
  location: variable signUpRequest of type com.realestate.dto.request.SignupRequest
[ERROR] /C:/Users/palas/Downloads/Hcl-realestate/backend/src/main/java/com/realestate/controller/AuthController.java:[67,53] constructor MessageResponse in class com.realestate.dto.response.MessageResponse cannot be applied to given types;
  required: no arguments
  found:    java.lang.String
  reason: actual and formal argument lists differ in length
[ERROR] /C:/Users/palas/Downloads/Hcl-realestate/backend/src/main/java/com/realestate/controller/AuthController.java:[71,39] cannot find symbol
  symbol:   method getUsername()
  location: variable signUpRequest of type com.realestate.dto.request.SignupRequest
[ERROR] /C:/Users/palas/Downloads/Hcl-realestate/backend/src/main/java/com/realestate/controller/AuthController.java:[72,36] cannot find symbol
  symbol:   method getEmail()
  location: variable signUpRequest of type com.realestate.dto.request.SignupRequest
[ERROR] /C:/Users/palas/Downloads/Hcl-realestate/backend/src/main/java/com/realestate/controller/AuthController.java:[73,54] cannot find symbol
  symbol:   method getPassword()
  location: variable signUpRequest of type com.realestate.dto.request.SignupRequest
[ERROR] /C:/Users/palas/Downloads/Hcl-realestate/backend/src/main/java/com/realestate/controller/AuthController.java:[74,13] cannot find symbol
  symbol:   method setRole(com.realestate.model.Role)
  location: variable user of type com.realestate.model.User
[ERROR] /C:/Users/palas/Downloads/Hcl-realestate/backend/src/main/java/com/realestate/controller/AuthController.java:[78,34] constructor MessageResponse in class com.realestate.dto.response.MessageResponse cannot be applied to given types;
  required: no arguments
  found:    java.lang.String
  reason: actual and formal argument lists differ in length
[ERROR] /C:/Users/palas/Downloads/Hcl-realestate/backend/src/main/java/com/realestate/controller/PropertyController.java:[81,42] cannot find symbol
  symbol:   method getTitle()
  location: variable propertyRequest of type com.realestate.dto.request.PropertyRequest
[ERROR] /C:/Users/palas/Downloads/Hcl-realestate/backend/src/main/java/com/realestate/controller/PropertyController.java:[82,48] cannot find symbol
  symbol:   method getDescription()
  location: variable propertyRequest of type com.realestate.dto.request.PropertyRequest
[ERROR] /C:/Users/palas/Downloads/Hcl-realestate/backend/src/main/java/com/realestate/controller/PropertyController.java:[83,42] cannot find symbol
  symbol:   method getPrice()
  location: variable propertyRequest of type com.realestate.dto.request.PropertyRequest
[ERROR] /C:/Users/palas/Downloads/Hcl-realestate/backend/src/main/java/com/realestate/controller/PropertyController.java:[84,49] cannot find symbol
  symbol:   method getPropertyType()
  location: variable propertyRequest of type com.realestate.dto.request.PropertyRequest
[ERROR] /C:/Users/palas/Downloads/Hcl-realestate/backend/src/main/java/com/realestate/controller/PropertyController.java:[85,45] cannot find symbol
  symbol:   method getLocation()
  location: variable propertyRequest of type com.realestate.dto.request.PropertyRequest
[ERROR] /C:/Users/palas/Downloads/Hcl-realestate/backend/src/main/java/com/realestate/controller/PropertyController.java:[86,45] cannot find symbol
  symbol:   method getBedrooms()
  location: variable propertyRequest of type com.realestate.dto.request.PropertyRequest
[ERROR] /C:/Users/palas/Downloads/Hcl-realestate/backend/src/main/java/com/realestate/controller/PropertyController.java:[87,46] cannot find symbol
  symbol:   method getBathrooms()
  location: variable propertyRequest of type com.realestate.dto.request.PropertyRequest
[ERROR] /C:/Users/palas/Downloads/Hcl-realestate/backend/src/main/java/com/realestate/controller/PropertyController.java:[88,45] cannot find symbol
  symbol:   method getAreaSqft()
  location: variable propertyRequest of type com.realestate.dto.request.PropertyRequest
[ERROR] /C:/Users/palas/Downloads/Hcl-realestate/backend/src/main/java/com/realestate/controller/PropertyController.java:[89,17] cannot find symbol
  symbol:   method setSeller(com.realestate.model.User)
  location: variable property of type com.realestate.model.Property
[ERROR] /C:/Users/palas/Downloads/Hcl-realestate/backend/src/main/java/com/realestate/controller/PropertyController.java:[106,22] cannot find symbol
  symbol:   method getSeller()
  location: variable property of type com.realestate.model.Property
[ERROR] /C:/Users/palas/Downloads/Hcl-realestate/backend/src/main/java/com/realestate/controller/PropertyController.java:[107,53] constructor MessageResponse in class com.realestate.dto.response.MessageResponse cannot be applied to given types;
  required: no arguments
  found:    java.lang.String
  reason: actual and formal argument lists differ in length
[ERROR] /C:/Users/palas/Downloads/Hcl-realestate/backend/src/main/java/com/realestate/controller/PropertyController.java:[118,26] cannot find symbol
  symbol:   method setProperty(com.realestate.model.Property)
  location: variable propertyImage of type com.realestate.model.PropertyImage
[ERROR] /C:/Users/palas/Downloads/Hcl-realestate/backend/src/main/java/com/realestate/controller/PropertyController.java:[119,26] cannot find symbol
  symbol:   method setImageUrl(java.lang.String)
  location: variable propertyImage of type com.realestate.model.PropertyImage
[ERROR] /C:/Users/palas/Downloads/Hcl-realestate/backend/src/main/java/com/realestate/controller/PropertyController.java:[121,21] cannot find symbol
  symbol:   method getImages()
  location: variable property of type com.realestate.model.Property
[ERROR] /C:/Users/palas/Downloads/Hcl-realestate/backend/src/main/java/com/realestate/controller/PropertyController.java:[124,34] constructor MessageResponse in class com.realestate.dto.response.MessageResponse cannot be applied to given types;
  required: no arguments
  found:    java.lang.String
  reason: actual and formal argument lists differ in length
[ERROR] /C:/Users/palas/Downloads/Hcl-realestate/backend/src/main/java/com/realestate/controller/PropertyController.java:[134,34] constructor MessageResponse in class com.realestate.dto.response.MessageResponse cannot be applied to given types;
  required: no arguments
  found:    java.lang.String
  reason: actual and formal argument lists differ in length
[ERROR] /C:/Users/palas/Downloads/Hcl-realestate/backend/src/main/java/com/realestate/security/UserDetailsImpl.java:[31,79] cannot find symbol
  symbol:   method getRole()
  location: variable user of type com.realestate.model.User
[ERROR] /C:/Users/palas/Downloads/Hcl-realestate/backend/src/main/java/com/realestate/security/UserDetailsImpl.java:[34,21] cannot find symbol
  symbol:   method getId()
  location: variable user of type com.realestate.model.User
[ERROR] /C:/Users/palas/Downloads/Hcl-realestate/backend/src/main/java/com/realestate/security/UserDetailsImpl.java:[35,21] cannot find symbol
  symbol:   method getUsername()
  location: variable user of type com.realestate.model.User
[ERROR] /C:/Users/palas/Downloads/Hcl-realestate/backend/src/main/java/com/realestate/security/UserDetailsImpl.java:[36,21] cannot find symbol
  symbol:   method getEmail()
  location: variable user of type com.realestate.model.User
[ERROR] /C:/Users/palas/Downloads/Hcl-realestate/backend/src/main/java/com/realestate/security/UserDetailsImpl.java:[37,21] cannot find symbol
  symbol:   method getPassword()
  location: variable user of type com.realestate.model.User
[INFO] 37 errors 
[INFO] -------------------------------------------------------------
[INFO] ------------------------------------------------------------------------
[INFO] BUILD FAILURE
[INFO] ------------------------------------------------------------------------
[INFO] Total time:  3.397 s
[INFO] Finished at: 2026-04-06T14:57:19+05:30
[INFO] ------------------------------------------------------------------------
[ERROR] Failed to execute goal org.apache.maven.plugins:maven-compiler-plugin:3.11.0:compile (default-compile) on project backend: Compilation failure: Compilation failure: 
[ERROR] /C:/Users/palas/Downloads/Hcl-realestate/backend/src/main/java/com/realestate/controller/InquiryController.java:[37,16] cannot find symbol
[ERROR]   symbol:   method setProperty(com.realestate.model.Property)
[ERROR]   location: variable inquiry of type com.realestate.model.Inquiry
[ERROR] /C:/Users/palas/Downloads/Hcl-realestate/backend/src/main/java/com/realestate/controller/InquiryController.java:[38,42] cannot find symbol
[ERROR]   symbol:   method getMessage()
[ERROR]   location: variable inquiryRequest of type com.realestate.dto.request.InquiryRequest
[ERROR] /C:/Users/palas/Downloads/Hcl-realestate/backend/src/main/java/com/realestate/controller/InquiryController.java:[39,47] cannot find symbol
[ERROR]   symbol:   method getContactEmail()
[ERROR]   location: variable inquiryRequest of type com.realestate.dto.request.InquiryRequest
[ERROR] /C:/Users/palas/Downloads/Hcl-realestate/backend/src/main/java/com/realestate/controller/InquiryController.java:[40,47] cannot find symbol
[ERROR]   symbol:   method getContactPhone()
[ERROR]   location: variable inquiryRequest of type com.realestate.dto.request.InquiryRequest
[ERROR] /C:/Users/palas/Downloads/Hcl-realestate/backend/src/main/java/com/realestate/controller/InquiryController.java:[43,34] constructor MessageResponse in class com.realestate.dto.response.MessageResponse cannot be applied to given types;
[ERROR]   required: no arguments
[ERROR]   found:    java.lang.String
[ERROR]   reason: actual and formal argument lists differ in length
[ERROR] /C:/Users/palas/Downloads/Hcl-realestate/backend/src/main/java/com/realestate/controller/AuthController.java:[43,69] cannot find symbol
[ERROR]   symbol:   method getUsername()
[ERROR]   location: variable loginRequest of type com.realestate.dto.request.LoginRequest
[ERROR] /C:/Users/palas/Downloads/Hcl-realestate/backend/src/main/java/com/realestate/controller/AuthController.java:[43,97] cannot find symbol
[ERROR]   symbol:   method getPassword()
[ERROR]   location: variable loginRequest of type com.realestate.dto.request.LoginRequest
[ERROR] /C:/Users/palas/Downloads/Hcl-realestate/backend/src/main/java/com/realestate/controller/AuthController.java:[62,58] cannot find symbol
[ERROR]   symbol:   method getUsername()
[ERROR]   location: variable signUpRequest of type com.realestate.dto.request.SignupRequest
[ERROR] /C:/Users/palas/Downloads/Hcl-realestate/backend/src/main/java/com/realestate/controller/AuthController.java:[63,53] constructor MessageResponse in class com.realestate.dto.response.MessageResponse cannot be applied to given types;
[ERROR]   required: no arguments
[ERROR]   found:    java.lang.String
[ERROR]   reason: actual and formal argument lists differ in length
[ERROR] /C:/Users/palas/Downloads/Hcl-realestate/backend/src/main/java/com/realestate/controller/AuthController.java:[66,55] cannot find symbol
[ERROR]   symbol:   method getEmail()
[ERROR]   location: variable signUpRequest of type com.realestate.dto.request.SignupRequest
[ERROR] /C:/Users/palas/Downloads/Hcl-realestate/backend/src/main/java/com/realestate/controller/AuthController.java:[67,53] constructor MessageResponse in class com.realestate.dto.response.MessageResponse cannot be applied to given types;
[ERROR]   required: no arguments
[ERROR]   found:    java.lang.String
[ERROR]   reason: actual and formal argument lists differ in length
[ERROR] /C:/Users/palas/Downloads/Hcl-realestate/backend/src/main/java/com/realestate/controller/AuthController.java:[71,39] cannot find symbol
[ERROR]   symbol:   method getUsername()
[ERROR]   location: variable signUpRequest of type com.realestate.dto.request.SignupRequest
[ERROR] /C:/Users/palas/Downloads/Hcl-realestate/backend/src/main/java/com/realestate/controller/AuthController.java:[72,36] cannot find symbol
[ERROR]   symbol:   method getEmail()
[ERROR]   location: variable signUpRequest of type com.realestate.dto.request.SignupRequest
[ERROR] /C:/Users/palas/Downloads/Hcl-realestate/backend/src/main/java/com/realestate/controller/AuthController.java:[73,54] cannot find symbol
[ERROR]   symbol:   method getPassword()
[ERROR]   location: variable signUpRequest of type com.realestate.dto.request.SignupRequest
[ERROR] /C:/Users/palas/Downloads/Hcl-realestate/backend/src/main/java/com/realestate/controller/AuthController.java:[74,13] cannot find symbol
[ERROR]   symbol:   method setRole(com.realestate.model.Role)
[ERROR]   location: variable user of type com.realestate.model.User
[ERROR] /C:/Users/palas/Downloads/Hcl-realestate/backend/src/main/java/com/realestate/controller/AuthController.java:[78,34] constructor MessageResponse in class com.realestate.dto.response.MessageResponse cannot be applied to given types;
[ERROR]   required: no arguments
[ERROR]   found:    java.lang.String
[ERROR]   reason: actual and formal argument lists differ in length
[ERROR] /C:/Users/palas/Downloads/Hcl-realestate/backend/src/main/java/com/realestate/controller/PropertyController.java:[81,42] cannot find symbol
[ERROR]   symbol:   method getTitle()
[ERROR]   location: variable propertyRequest of type com.realestate.dto.request.PropertyRequest
[ERROR] /C:/Users/palas/Downloads/Hcl-realestate/backend/src/main/java/com/realestate/controller/PropertyController.java:[82,48] cannot find symbol
[ERROR]   symbol:   method getDescription()
[ERROR]   location: variable propertyRequest of type com.realestate.dto.request.PropertyRequest
[ERROR] /C:/Users/palas/Downloads/Hcl-realestate/backend/src/main/java/com/realestate/controller/PropertyController.java:[83,42] cannot find symbol
[ERROR]   symbol:   method getPrice()
[ERROR]   location: variable propertyRequest of type com.realestate.dto.request.PropertyRequest
[ERROR] /C:/Users/palas/Downloads/Hcl-realestate/backend/src/main/java/com/realestate/controller/PropertyController.java:[84,49] cannot find symbol
[ERROR]   symbol:   method getPropertyType()
[ERROR]   location: variable propertyRequest of type com.realestate.dto.request.PropertyRequest
[ERROR] /C:/Users/palas/Downloads/Hcl-realestate/backend/src/main/java/com/realestate/controller/PropertyController.java:[85,45] cannot find symbol
[ERROR]   symbol:   method getLocation()
[ERROR]   location: variable propertyRequest of type com.realestate.dto.request.PropertyRequest
[ERROR] /C:/Users/palas/Downloads/Hcl-realestate/backend/src/main/java/com/realestate/controller/PropertyController.java:[86,45] cannot find symbol
[ERROR]   symbol:   method getBedrooms()
[ERROR]   location: variable propertyRequest of type com.realestate.dto.request.PropertyRequest
[ERROR] /C:/Users/palas/Downloads/Hcl-realestate/backend/src/main/java/com/realestate/controller/PropertyController.java:[87,46] cannot find symbol
[ERROR]   symbol:   method getBathrooms()
[ERROR]   location: variable propertyRequest of type com.realestate.dto.request.PropertyRequest
[ERROR] /C:/Users/palas/Downloads/Hcl-realestate/backend/src/main/java/com/realestate/controller/PropertyController.java:[88,45] cannot find symbol
[ERROR]   symbol:   method getAreaSqft()
[ERROR]   location: variable propertyRequest of type com.realestate.dto.request.PropertyRequest
[ERROR] /C:/Users/palas/Downloads/Hcl-realestate/backend/src/main/java/com/realestate/controller/PropertyController.java:[89,17] cannot find symbol
[ERROR]   symbol:   method setSeller(com.realestate.model.User)
[ERROR]   location: variable property of type com.realestate.model.Property
[ERROR] /C:/Users/palas/Downloads/Hcl-realestate/backend/src/main/java/com/realestate/controller/PropertyController.java:[106,22] cannot find symbol
[ERROR]   symbol:   method getSeller()
[ERROR]   location: variable property of type com.realestate.model.Property
[ERROR] /C:/Users/palas/Downloads/Hcl-realestate/backend/src/main/java/com/realestate/controller/PropertyController.java:[107,53] constructor MessageResponse in class com.realestate.dto.response.MessageResponse cannot be applied to given types;
[ERROR]   required: no arguments
[ERROR]   found:    java.lang.String
[ERROR]   reason: actual and formal argument lists differ in length
[ERROR] /C:/Users/palas/Downloads/Hcl-realestate/backend/src/main/java/com/realestate/controller/PropertyController.java:[118,26] cannot find symbol
[ERROR]   symbol:   method setProperty(com.realestate.model.Property)
[ERROR]   location: variable propertyImage of type com.realestate.model.PropertyImage
[ERROR] /C:/Users/palas/Downloads/Hcl-realestate/backend/src/main/java/com/realestate/controller/PropertyController.java:[119,26] cannot find symbol
[ERROR]   symbol:   method setImageUrl(java.lang.String)
[ERROR]   location: variable propertyImage of type com.realestate.model.PropertyImage
[ERROR] /C:/Users/palas/Downloads/Hcl-realestate/backend/src/main/java/com/realestate/controller/PropertyController.java:[121,21] cannot find symbol
[ERROR]   symbol:   method getImages()
[ERROR]   location: variable property of type com.realestate.model.Property
[ERROR] /C:/Users/palas/Downloads/Hcl-realestate/backend/src/main/java/com/realestate/controller/PropertyController.java:[124,34] constructor MessageResponse in class com.realestate.dto.response.MessageResponse cannot be applied to given types;
[ERROR]   required: no arguments
[ERROR]   found:    java.lang.String
[ERROR]   reason: actual and formal argument lists differ in length
[ERROR] /C:/Users/palas/Downloads/Hcl-realestate/backend/src/main/java/com/realestate/controller/PropertyController.java:[134,34] constructor MessageResponse in class com.realestate.dto.response.MessageResponse cannot be applied to given types;
[ERROR]   required: no arguments
[ERROR]   found:    java.lang.String
[ERROR]   reason: actual and formal argument lists differ in length
[ERROR] /C:/Users/palas/Downloads/Hcl-realestate/backend/src/main/java/com/realestate/security/UserDetailsImpl.java:[31,79] cannot find symbol
[ERROR]   symbol:   method getRole()
[ERROR]   location: variable user of type com.realestate.model.User
[ERROR] /C:/Users/palas/Downloads/Hcl-realestate/backend/src/main/java/com/realestate/security/UserDetailsImpl.java:[34,21] cannot find symbol
[ERROR]   symbol:   method getId()
[ERROR]   location: variable user of type com.realestate.model.User
[ERROR] /C:/Users/palas/Downloads/Hcl-realestate/backend/src/main/java/com/realestate/security/UserDetailsImpl.java:[35,21] cannot find symbol
[ERROR]   symbol:   method getUsername()
[ERROR]   location: variable user of type com.realestate.model.User
[ERROR] /C:/Users/palas/Downloads/Hcl-realestate/backend/src/main/java/com/realestate/security/UserDetailsImpl.java:[36,21] cannot find symbol
[ERROR]   symbol:   method getEmail()
[ERROR]   location: variable user of type com.realestate.model.User
[ERROR] /C:/Users/palas/Downloads/Hcl-realestate/backend/src/main/java/com/realestate/security/UserDetailsImpl.java:[37,21] cannot find symbol
[ERROR]   symbol:   method getPassword()
[ERROR]   location: variable user of type com.realestate.model.User
[ERROR] -> [Help 1]
[ERROR] 
[ERROR] To see the full stack trace of the errors, re-run Maven with the -e switch.
[ERROR] Re-run Maven using the -X switch to enable full debug logging.
[ERROR] 
[ERROR] For more information about the errors and possible solutions, please read the following articles:
[ERROR] [Help 1] http://cwiki.apache.org/confluence/display/MAVEN/MojoFailureException
